<?xml version="1.0" encoding="utf-8"?><testsuites name="pytest tests"><testsuite name="pytest" errors="0" failures="0" skipped="1" tests="8" time="1.385" timestamp="2026-04-23T16:35:43.059769+00:00" hostname="agent-env-6f199422-e53e-4c08-8a96-27127347213c"><testcase classname="backend.tests.test_phase3.TestHeadersFile" name="test_headers_count_and_bounds" time="0.000" /><testcase classname="backend.tests.test_phase3.TestMapper" name="test_mapper_fields" time="0.001" /><testcase classname="backend.tests.test_phase3.TestMapper" name="test_out_of_stock" time="0.000" /><testcase classname="backend.tests.test_phase3.TestExportCSV" name="test_auth_required" time="0.696" /><testcase classname="backend.tests.test_phase3.TestExportCSV" name="test_csv_headers_and_content" time="0.197" /><testcase classname="backend.tests.test_phase3.TestExportCSV" name="test_txt_tsv_same_content" time="0.168" /><testcase classname="backend.tests.test_phase3.TestExportCSV" name="test_other_user_404" time="0.121"><skipped type="pytest.skip" message="register not available: 404">/app/backend/tests/test_phase3.py:146: register not available: 404</skipped></testcase><testcase classname="backend.tests.test_phase3.TestExportCSV" name="test_unknown_job_404" time="0.112" /></testsuite></testsuites>