<?xml version="1.0" encoding="utf-8"?><testsuites name="pytest tests"><testsuite name="pytest" errors="0" failures="0" skipped="0" tests="11" time="337.278" timestamp="2026-04-23T16:13:12.236041+00:00" hostname="agent-env-6f199422-e53e-4c08-8a96-27127347213c"><testcase classname="tests.test_phase2.TestScrape" name="test_scrape_short_completes" time="103.383" /><testcase classname="tests.test_phase2.TestScrape" name="test_products_list" time="0.119" /><testcase classname="tests.test_phase2.TestScrape" name="test_products_wrong_id_404" time="0.109" /><testcase classname="tests.test_phase2.TestScrape" name="test_logs_latest_first" time="0.105" /><testcase classname="tests.test_phase2.TestScrape" name="test_logs_level_filter" time="0.116" /><testcase classname="tests.test_phase2.TestSSE" name="test_sse_no_token_401" time="0.148" /><testcase classname="tests.test_phase2.TestSSE" name="test_sse_streams" time="0.117" /><testcase classname="tests.test_phase2.TestConcurrency" name="test_max_3_running" time="221.710" /><testcase classname="tests.test_phase2.TestInvalidUrl" name="test_unreachable_fails" time="10.826" /><testcase classname="tests.test_phase2.TestCancel" name="test_delete_while_running" time="0.580" /><testcase classname="tests.test_phase2.TestLifespan" name="test_no_on_event_in_source" time="0.000" /></testsuite></testsuites>