<?xml version="1.0" encoding="utf-8"?><testsuites name="pytest tests"><testsuite name="pytest" errors="0" failures="0" skipped="0" tests="14" time="3.740" timestamp="2026-04-23T15:46:52.366787+00:00" hostname="agent-env-6f199422-e53e-4c08-8a96-27127347213c"><testcase classname="backend.tests.test_api.TestAuth" name="test_login_ok" time="0.450" /><testcase classname="backend.tests.test_api.TestAuth" name="test_login_wrong_password" time="0.329" /><testcase classname="backend.tests.test_api.TestAuth" name="test_login_invalid_email" time="0.107" /><testcase classname="backend.tests.test_api.TestAuth" name="test_me_no_token" time="0.114" /><testcase classname="backend.tests.test_api.TestAuth" name="test_me_with_token" time="0.442" /><testcase classname="backend.tests.test_api.TestJobs" name="test_list_no_token" time="0.110" /><testcase classname="backend.tests.test_api.TestJobs" name="test_list_ok" time="0.117" /><testcase classname="backend.tests.test_api.TestJobs" name="test_create_ok" time="0.233" /><testcase classname="backend.tests.test_api.TestJobs" name="test_create_invalid_url" time="0.127" /><testcase classname="backend.tests.test_api.TestJobs" name="test_create_ftp_rejected" time="0.118" /><testcase classname="backend.tests.test_api.TestJobs" name="test_create_host_without_dot" time="0.120" /><testcase classname="backend.tests.test_api.TestJobs" name="test_get_by_id_and_404" time="0.606" /><testcase classname="backend.tests.test_api.TestJobs" name="test_list_newest_first" time="0.611" /><testcase classname="backend.tests.test_api.TestDocs" name="test_swagger_ui" time="0.106" /></testsuite></testsuites>